<?xml version="1.0" encoding="UTF-8"?>
<testsuite xmlns:xsi="http://www.w3.org/2001/XMLSchema-instance" xsi:noNamespaceSchemaLocation="https://maven.apache.org/surefire/maven-surefire-plugin/xsd/surefire-test-report-3.0.xsd" version="3.0" name="CucumberOptions.TestRunner" time="26.04" tests="16" errors="0" skipped="0" failures="0">
  <properties>
[...]
</properties>
  <testcase name="Given User is on Greencart landing page" classname="Scenario: Search for items and validate result" time="0.001"/>
  <testcase name="When User search for &quot;Cucumber&quot; vegetable" classname="Scenario: Search for items and validate result" time="0"/>
  <testcase name="Then &quot;Cucumber&quot; results are displayed" classname="Scenario: Search for items and validate result" time="0"/>
  <testcase name="Scenario: Search for items and validate result" classname="Scenario: Search for items and validate result" time="0.15"/>
  <testcase name="Given User is on Greencart landing page" classname="| Brinjal |" time="0.001"/>
  <testcase name="When User search for Brinjal vegetables" classname="| Brinjal |" time="0"/>
  <testcase name="And Add items to cart" classname="| Brinjal |" time="0"/>
  <testcase name="And User proceed to the checkout page for purchase" classname="| Brinjal |" time="0"/>
  <testcase name="Then Verify the selected Brinjal items are displayed in the checkout page" classname="| Brinjal |" time="0"/>
  <testcase name="| Brinjal |" classname="| Brinjal |" time="0.17"/>
  <testcase name="Given User is on Greencart landing page" classname="| Beetroot |" time="0"/>
  <testcase name="When User search for Beetroot vegetables" classname="| Beetroot |" time="0"/>
  <testcase name="And Add items to cart" classname="| Beetroot |" time="0"/>
  <testcase name="And User proceed to the checkout page for purchase" classname="| Beetroot |" time="0"/>
  <testcase name="Then Verify the selected Beetroot items are displayed in the checkout page" classname="| Beetroot |" time="0"/>
  <testcase name="| Beetroot |" classname="| Beetroot |" time="0.168"/>
</testsuite>